\BOOKMARK [1][-]{section.1}{\376\377\000O\000v\000e\000r\000v\000i\000e\000w}{}% 1
\BOOKMARK [2][-]{subsection.1.1}{\376\377\000P\000r\000o\000j\000e\000c\000t\000\040\000d\000e\000s\000c\000r\000i\000p\000t\000i\000o\000n}{section.1}% 2
\BOOKMARK [3][-]{subsubsection.1.1.1}{\376\377\000R\000e\000q\000u\000i\000r\000e\000m\000e\000n\000t\000s}{subsection.1.1}% 3
\BOOKMARK [3][-]{subsubsection.1.1.2}{\376\377\000F\000u\000n\000c\000t\000i\000o\000n\000a\000l\000i\000t\000y}{subsection.1.1}% 4
\BOOKMARK [2][-]{subsection.1.2}{\376\377\004\041\004\102\004\100\004\103\004\072\004\102\004\103\004\100\004\060\000\040\004\075\004\060\000\040\004\064\004\076\004\072\004\103\004\074\004\065\004\075\004\102\004\060\004\106\004\070\004\117\004\102\004\060}{section.1}% 5
\BOOKMARK [1][-]{section.2}{\376\377\004\037\004\100\004\065\004\063\004\073\004\065\004\064\000\040\004\075\004\060\000\040\004\077\004\100\004\065\004\064\004\074\004\065\004\102\004\075\004\060\004\102\004\060\000\040\004\076\004\061\004\073\004\060\004\101\004\102}{}% 6
\BOOKMARK [2][-]{subsection.2.1}{\376\377\004\036\004\101\004\075\004\076\004\062\004\075\004\070\000\040\004\064\004\065\004\104\004\070\004\075\004\070\004\106\004\070\004\070\000,\000\040\004\072\004\076\004\075\004\106\004\065\004\077\004\106\004\070\004\070\000\040\004\070\000\040\004\060\004\073\004\063\004\076\004\100\004\070\004\102\004\074\004\070}{section.2}% 7
\BOOKMARK [3][-]{subsubsection.2.1.1}{\376\377\004\036\004\101\004\075\004\076\004\062\004\075\004\070\000\040\004\064\004\065\004\104\004\070\004\075\004\070\004\106\004\070\004\070\000\040\004\070\000\040\004\072\004\076\004\075\004\106\004\065\004\077\004\106\004\070\004\070}{subsection.2.1}% 8
\BOOKMARK [3][-]{subsubsection.2.1.2}{\376\377\004\020\004\073\004\063\004\076\004\100\004\070\004\102\004\074\004\070}{subsection.2.1}% 9
\BOOKMARK [2][-]{subsection.2.2}{\376\377\004\024\004\065\004\104\004\070\004\075\004\070\004\100\004\060\004\075\004\065\000\040\004\075\004\060\000\040\004\077\004\100\004\076\004\061\004\073\004\065\004\074\004\070\000\040\004\070\000\040\004\101\004\073\004\076\004\066\004\075\004\076\004\101\004\102\000\040\004\075\004\060\000\040\004\077\004\076\004\101\004\102\004\060\004\062\004\065\004\075\004\060\004\102\004\060\000\040\004\067\004\060\004\064\004\060\004\107\004\060}{section.2}% 10
\BOOKMARK [3][-]{subsubsection.2.2.1}{\376\377\004\037\004\100\004\076\004\061\004\073\004\065\004\074\004\070}{subsection.2.2}% 11
\BOOKMARK [2][-]{subsection.2.3}{\376\377\004\037\004\076\004\064\004\105\004\076\004\064\004\070\000,\000\040\004\074\004\065\004\102\004\076\004\064\004\070\000\040\004\067\004\060\000\040\004\100\004\065\004\110\004\060\004\062\004\060\004\075\004\065\000\040\004\075\004\060\000\040\004\077\004\100\004\076\004\061\004\073\004\065\004\074\004\070\004\102\004\065}{section.2}% 12
\BOOKMARK [1][-]{section.3}{\376\377\004\037\004\100\004\076\004\065\004\072\004\102\004\070\004\100\004\060\004\075\004\065}{}% 13
\BOOKMARK [2][-]{subsection.3.1}{\376\377\004\036\004\061\004\111\004\060\000\040\004\060\004\100\004\105\004\070\004\102\004\065\004\072\004\102\004\103\004\100\004\060\000\040\040\023\000\040\004\036\004\036\004\037\000\040\004\064\004\070\004\067\004\060\004\071\004\075}{section.3}% 14
\BOOKMARK [2][-]{subsection.3.2}{\376\377\004\031\004\065\004\100\004\060\004\100\004\105\004\070\004\070\000\040\004\075\004\060\000\040\004\072\004\073\004\060\004\101\004\076\004\062\004\065\004\102\004\065}{section.3}% 15
\BOOKMARK [3][-]{subsubsection.3.2.1}{\376\377\004\031\004\065\004\100\004\060\004\100\004\105\004\070\004\117\000\040\004\075\004\060\000\040\004\072\004\073\004\060\004\101\004\076\004\062\004\065\004\102\004\065\000\040\004\067\004\060\000\040\004\104\004\070\004\073\004\102\004\100\004\070\004\100\004\060\004\075\004\065}{subsection.3.2}% 16
\BOOKMARK [1][-]{section.4}{\376\377\004\040\004\065\004\060\004\073\004\070\004\067\004\060\004\106\004\070\004\117\000,\000\040\004\102\004\065\004\101\004\102\004\062\004\060\004\075\004\065}{}% 17
\BOOKMARK [2][-]{subsection.4.1}{\376\377\004\040\004\065\004\060\004\073\004\070\004\067\004\060\004\106\004\070\004\117\000\040\004\075\004\060\000\040\004\072\004\073\004\060\004\101\004\076\004\062\004\065}{section.4}% 18
\BOOKMARK [3][-]{subsubsection.4.1.1}{\376\377\004\032\004\073\004\060\004\101\000\040\000F\000i\000l\000e}{subsection.4.1}% 19
\BOOKMARK [3][-]{subsubsection.4.1.2}{\376\377\004\032\004\073\004\060\004\101\000\040\000C\000o\000m\000m\000a\000n\000d}{subsection.4.1}% 20
\BOOKMARK [3][-]{subsubsection.4.1.3}{\376\377\004\032\004\073\004\060\004\101\000\040\000C\000o\000m\000m\000a\000n\000d\000M\000a\000n\000a\000g\000e\000r}{subsection.4.1}% 21
\BOOKMARK [3][-]{subsubsection.4.1.4}{\376\377\004\032\004\073\004\060\004\101\000\040\000F\000i\000l\000e\000M\000a\000n\000a\000g\000e\000r}{subsection.4.1}% 22
\BOOKMARK [2][-]{subsection.4.2}{\376\377\004\037\004\073\004\060\004\075\004\070\004\100\004\060\004\075\004\065\000,\000\040\004\076\004\077\004\070\004\101\004\060\004\075\004\070\004\065\000\040\004\070\000\040\004\101\004\112\004\067\004\064\004\060\004\062\004\060\004\075\004\065\000\040\004\075\004\060\000\040\004\102\004\065\004\101\004\102\004\076\004\062\004\070\000\040\004\101\004\106\004\065\004\075\004\060\004\100\004\070\004\070}{section.4}% 23
\BOOKMARK [3][-]{subsubsection.4.2.1}{\376\377\004\037\004\100\004\070\004\074\004\065\004\100\004\075\004\070\000\040\004\102\004\065\004\101\004\102\004\076\004\062\004\065\000\040\004\070\000\040\004\102\004\065\004\105\004\075\004\070\004\117\000\040\004\100\004\065\004\067\004\103\004\073\004\102\004\060\004\102}{subsection.4.2}% 24
\BOOKMARK [1][-]{section.5}{\376\377\004\027\004\060\004\072\004\073\004\116\004\107\004\065\004\075\004\070\004\065}{}% 25
\BOOKMARK [2][-]{subsection.5.1}{\376\377\004\036\004\061\004\076\004\061\004\111\004\065\004\075\004\070\004\065\000\040\004\075\004\060\000\040\004\070\004\067\004\077\004\112\004\073\004\075\004\065\004\075\004\070\004\065\004\102\004\076\000\040\004\075\004\060\000\040\004\075\004\060\004\107\004\060\004\073\004\075\004\070\004\102\004\065\000\040\004\106\004\065\004\073\004\070}{section.5}% 26
\BOOKMARK [2][-]{subsection.5.2}{\376\377\004\035\004\060\004\101\004\076\004\072\004\070\000\040\004\067\004\060\000\040\004\061\004\112\004\064\004\065\004\111\004\076\000\040\004\100\004\060\004\067\004\062\004\070\004\102\004\070\004\065\000\040\004\070\000\040\004\103\004\101\004\112\004\062\004\112\004\100\004\110\004\065\004\075\004\101\004\102\004\062\004\060\004\075\004\065}{section.5}% 27
\BOOKMARK [1][-]{section.6}{\376\377\004\030\004\067\004\102\004\076\004\075\004\070\004\106\004\070}{}% 28
